<?xml version="1.0" encoding="UTF-8"?>
<!-- Generated by org.testng.reporters.JUnitReportReporter -->
<testsuite hostname="sanjeev-Dell13" failures="0" tests="1" name="testcases.TC_001" time="8.510" errors="0" timestamp="17 Jun 2018 00:28:34 GMT" skipped="0">
  <testcase classname="testcases.TC_001" name="tc_001" time="8.510"/>
</testsuite> <!-- testcases.TC_001 -->
